<?xml version="1.0" encoding="UTF-8"?>
<testsuite name="lol.pyr.scopescript.test.TestTest" tests="1" skipped="0" failures="0" errors="0" timestamp="2023-01-06T21:19:38" hostname="DESKTOP-3VQ01IS" time="0.0">
  <properties/>
  <testcase name="test()" classname="lol.pyr.scopescript.test.TestTest" time="0.0"/>
  <system-out><![CDATA[]]></system-out>
  <system-err><![CDATA[]]></system-err>
</testsuite>
